2016/11/28 16:12:55
Type:GitBaseUse, Content:Push data to remote

2016/11/28 16:16:01
Type:GitBaseUse, Content:Push data to remote

2016/11/28 16:30:10
Type:class HttpRun, Content:time set 0 2016/06/06 21:32:09

2016/11/28 16:30:10
Type:class HttpRun, Content:time set 1 2016/06/07 07:23:15

2016/11/28 16:30:10
Type:class HttpRun, Content:time set 2 2016/06/07 21:14:16

2016/11/28 16:30:10
Type:class HttpRun, Content:time set 3 2016/06/08 07:06:17

2016/11/28 16:30:10
Type:class HttpRun, Content:time set 4 2016/06/08 18:48:13

2016/11/28 16:30:10
Type:class HttpRun, Content:time set 5 2016/06/12 07:12:42

2016/11/28 16:30:10
Type:class HttpRun, Content:time set 6 2016/06/12 21:34:24

2016/11/28 16:30:10
Type:class HttpRun, Content:time set 7 2016/06/13 07:06:17

2016/11/28 16:30:10
Type:class HttpRun, Content:time set 8 2016/06/13 20:48:13

2016/11/28 16:30:10
Type:class HttpRun, Content:time set 9 2016/06/14 07:23:32

2016/11/28 16:30:10
Type:class HttpRun, Content:time set 10 2016/06/14 18:14:35

2016/11/28 16:30:10
Type:class HttpRun, Content:time set 11 2016/06/15 07:19:35

2016/11/28 16:30:10
Type:class HttpRun, Content:time set 12 2016/06/15 18:56:33

2016/11/28 16:30:10
Type:class HttpRun, Content:time set 13 2016/06/16 07:13:26

2016/11/28 16:30:10
Type:class HttpRun, Content:time set 14 2016/06/16 19:02:18

2016/11/28 16:30:10
Type:class HttpRun, Content:time set 15 2016/06/17 07:35:17

2016/11/28 16:30:10
Type:class HttpRun, Content:time set 16 2016/06/17 18:46:25

2016/11/28 16:30:10
Type:class HttpRun, Content:time set 17 2016/06/20 07:13:05

2016/11/28 16:30:10
Type:class HttpRun, Content:time set 18 2016/06/20 19:58:19

2016/11/28 16:30:10
Type:class HttpRun, Content:time set 19 2016/06/21 07:35:17

2016/11/28 16:30:10
Type:class HttpRun, Content:time set 20 2016/06/21 18:46:25

2016/11/28 16:30:10
Type:class HttpRun, Content:time set 21 2016/06/22 07:15:56

2016/11/28 16:30:10
Type:class HttpRun, Content:time set 22 2016/06/22 18:46:35

2016/11/28 16:30:10
Type:class HttpRun, Content:time set 23 2016/06/23 07:40:29

2016/11/28 16:30:10
Type:class HttpRun, Content:time set 24 2016/06/23 19:15:30

2016/11/28 16:30:10
Type:class HttpRun, Content:time set 25 2016/06/24 07:35:17

2016/11/28 16:30:10
Type:class HttpRun, Content:time set 26 2016/06/24 20:46:25

2016/11/28 16:30:10
Type:class HttpRun, Content:time set 27 2016/06/25 08:10:23

2016/11/28 16:30:10
Type:class HttpRun, Content:time set 28 2016/06/25 18:33:29

2016/11/28 16:30:10
Type:class HttpRun, Content:time set 29 2016/06/27 07:26:56

2016/11/28 16:30:10
Type:class HttpRun, Content:time set 30 2016/06/27 19:35:15

2016/11/28 16:30:10
Type:class HttpRun, Content:time set 31 2016/06/28 07:35:13

2016/11/28 16:30:10
Type:class HttpRun, Content:time set 32 2016/06/28 18:55:34

2016/11/28 16:30:10
Type:class HttpRun, Content:time set 33 2016/06/29 07:26:56

2016/11/28 16:30:10
Type:class HttpRun, Content:time set 34 2016/06/29 18:54:32

2016/11/28 16:30:10
Type:class HttpRun, Content:time set 35 2016/06/30 07:13:18

2016/11/28 16:30:10
Type:class HttpRun, Content:time set 36 2016/06/30 19:24:17

2016/11/28 16:30:10
Type:class HttpRun, Content:time set 37 2016/07/01 07:18:32

2016/11/28 16:30:10
Type:class HttpRun, Content:time set 38 2016/07/01 18:32:51

2016/11/28 16:30:10
Type:class HttpRun, Content:time set 39 2016/07/04 07:22:14

2016/11/28 16:30:10
Type:class HttpRun, Content:time set 40 2016/07/04 18:15:13

2016/11/28 16:30:10
Type:class HttpRun, Content:time set 41 2016/07/05 07:18:32

2016/11/28 16:30:10
Type:class HttpRun, Content:time set 42 2016/07/05 18:56:25

2016/11/28 16:30:10
Type:class HttpRun, Content:time set 43 2016/07/06 07:33:18

2016/11/28 16:30:10
Type:class HttpRun, Content:time set 44 2016/07/06 20:00:15

2016/11/28 16:30:10
Type:class HttpRun, Content:time set 45 2016/07/07 07:21:03

2016/11/28 16:30:10
Type:class HttpRun, Content:time set 46 2016/07/07 19:44:32

2016/11/28 16:30:10
Type:class HttpRun, Content:time set 47 2016/07/08 07:55:17

2016/11/28 16:30:10
Type:class HttpRun, Content:time set 48 2016/07/08 19:05:35

2016/11/28 16:30:10
Type:class HttpRun, Content:time set 49 2016/07/11 07:32:15

2016/11/28 16:30:10
Type:class HttpRun, Content:time set 50 2016/07/11 20:11:32

2016/11/28 16:30:10
Type:class HttpRun, Content:time set 51 2016/07/12 07:32:15

2016/11/28 16:30:10
Type:class HttpRun, Content:time set 52 2016/07/12 19:05:43

2016/11/28 16:30:10
Type:class HttpRun, Content:time set 53 2016/07/13 07:19:54

2016/11/28 16:30:10
Type:class HttpRun, Content:time set 54 2016/07/13 18:10:34

2016/11/28 16:30:10
Type:class HttpRun, Content:time set 55 2016/07/14 07:32:05

2016/11/28 16:30:10
Type:class HttpRun, Content:time set 56 2016/07/14 20:02:54

2016/11/28 16:30:10
Type:class HttpRun, Content:time set 57 2016/07/15 08:01:52

2016/11/28 16:30:10
Type:class HttpRun, Content:time set 58 2016/07/15 18:35:22

2016/11/28 16:30:10
Type:class HttpRun, Content:time set 59 2016/07/18 07:33:32

2016/11/28 16:30:10
Type:class HttpRun, Content:time set 60 2016/07/18 18:45:18

2016/11/28 16:30:10
Type:class HttpRun, Content:time set 61 2016/07/19 07:15:22

2016/11/28 16:30:10
Type:class HttpRun, Content:time set 62 2016/07/19 18:35:14

2016/11/28 16:30:10
Type:class HttpRun, Content:time set 63 2016/07/20 07:45:35

2016/11/28 16:30:10
Type:class HttpRun, Content:time set 64 2016/07/20 18:03:19

2016/11/28 16:30:10
Type:class HttpRun, Content:time set 65 2016/07/21 07:18:32

2016/11/28 16:30:10
Type:class HttpRun, Content:time set 66 2016/07/21 20:01:39

2016/11/28 16:30:10
Type:class HttpRun, Content:time set 67 2016/07/22 07:06:17

2016/11/28 16:30:10
Type:class HttpRun, Content:time set 68 2016/07/22 18:11:06

2016/11/28 16:30:10
Type:class HttpRun, Content:time set 69 2016/07/25 07:16:52

2016/11/28 16:30:10
Type:class HttpRun, Content:time set 70 2016/07/25 19:08:17

2016/11/28 16:30:10
Type:class HttpRun, Content:time set 71 2016/07/26 07:17:06

2016/11/28 16:30:10
Type:class HttpRun, Content:time set 72 2016/07/26 18:33:18

2016/11/28 16:30:10
Type:class HttpRun, Content:time set 73 2016/07/27 07:19:50

2016/11/28 16:30:10
Type:class HttpRun, Content:time set 74 2016/07/27 19:10:54

2016/11/28 16:30:10
Type:class HttpRun, Content:time set 75 2016/07/28 07:25:17

2016/11/28 16:30:10
Type:class HttpRun, Content:time set 76 2016/07/28 18:15:34

2016/11/28 16:30:10
Type:class HttpRun, Content:time set 77 2016/07/29 07:15:26

2016/11/28 16:30:10
Type:class HttpRun, Content:time set 78 2016/07/29 18:45:35

2016/11/28 16:30:10
Type:class HttpRun, Content:time set 79 2016/08/01 07:30:26

2016/11/28 16:30:10
Type:class HttpRun, Content:time set 80 2016/08/01 17:55:35

2016/11/28 16:30:10
Type:class HttpRun, Content:time set 81 2016/08/02 07:26:17

2016/11/28 16:30:10
Type:class HttpRun, Content:time set 82 2016/08/02 18:36:52

2016/11/28 16:30:10
Type:class HttpRun, Content:time set 83 2016/08/03 07:19:33

2016/11/28 16:30:10
Type:class HttpRun, Content:time set 84 2016/08/03 18:19:35

2016/11/28 16:30:10
Type:class HttpRun, Content:time set 85 2016/08/04 07:35:16

2016/11/28 16:30:10
Type:class HttpRun, Content:time set 86 2016/08/04 18:16:25

2016/11/28 16:30:10
Type:class HttpRun, Content:time set 87 2016/08/05 07:18:34

2016/11/28 16:30:10
Type:class HttpRun, Content:time set 88 2016/08/05 18:16:42

2016/11/28 16:30:10
Type:class HttpRun, Content:time set 89 2016/08/06 09:16:16

2016/11/28 16:30:10
Type:class HttpRun, Content:time set 90 2016/08/06 17:22:33

2016/11/28 16:30:10
Type:class HttpRun, Content:time set 91 2016/08/08 07:26:46

2016/11/28 16:30:10
Type:class HttpRun, Content:time set 92 2016/08/08 18:19:56

2016/11/28 16:30:10
Type:class HttpRun, Content:time set 93 2016/08/09 07:45:18

2016/11/28 16:30:10
Type:class HttpRun, Content:time set 94 2016/08/09 17:59:46

2016/11/28 16:30:10
Type:class HttpRun, Content:time set 95 2016/08/10 07:44:27

2016/11/28 16:30:10
Type:class HttpRun, Content:time set 96 2016/08/10 18:14:26

2016/11/28 16:30:10
Type:class HttpRun, Content:time set 97 2016/08/11 08:01:47

2016/11/28 16:30:10
Type:class HttpRun, Content:time set 98 2016/08/11 19:22:34

2016/11/28 16:30:10
Type:class HttpRun, Content:time set 99 2016/08/12 07:39:21

2016/11/28 16:30:10
Type:class HttpRun, Content:time set 100 2016/08/12 18:06:28

2016/11/28 16:30:10
Type:class HttpRun, Content:time set 101 2016/08/15 07:34:18

2016/11/28 16:30:10
Type:class HttpRun, Content:time set 102 2016/08/15 17:55:43

2016/11/28 16:30:10
Type:class HttpRun, Content:time set 103 2016/08/16 07:54:42

2016/11/28 16:30:10
Type:class HttpRun, Content:time set 104 2016/08/16 18:33:18

2016/11/28 16:30:10
Type:class HttpRun, Content:time set 105 2016/08/17 07:34:45

2016/11/28 16:30:10
Type:class HttpRun, Content:time set 106 2016/08/17 18:08:17

2016/11/28 16:30:10
Type:class HttpRun, Content:time set 107 2016/08/18 07:25:37

2016/11/28 16:30:10
Type:class HttpRun, Content:time set 108 2016/08/18 18:09:48

2016/11/28 16:30:10
Type:class HttpRun, Content:time set 109 2016/08/22 07:18:06

2016/11/28 16:30:10
Type:class HttpRun, Content:time set 110 2016/08/22 17:45:27

2016/11/28 16:30:10
Type:class HttpRun, Content:time set 111 2016/08/23 07:32:54

2016/11/28 16:30:10
Type:class HttpRun, Content:time set 112 2016/08/23 17:58:34

2016/11/28 16:30:10
Type:class HttpRun, Content:time set 113 2016/08/24 07:36:18

2016/11/28 16:30:10
Type:class HttpRun, Content:time set 114 2016/08/24 17:51:43

2016/11/28 16:30:10
Type:class HttpRun, Content:time set 115 2016/08/25 07:44:48

2016/11/28 16:30:10
Type:class HttpRun, Content:time set 116 2016/08/25 17:49:44

2016/11/28 16:30:10
Type:class HttpRun, Content:time set 117 2016/08/26 07:18:34

2016/11/28 16:30:10
Type:class HttpRun, Content:time set 118 2016/08/26 17:55:37

2016/11/28 16:30:10
Type:class HttpRun, Content:time set 119 2016/08/29 07:34:48

2016/11/28 16:30:10
Type:class HttpRun, Content:time set 120 2016/08/29 18:18:17

2016/11/28 16:30:10
Type:class HttpRun, Content:time set 121 2016/08/30 07:48:33

2016/11/28 16:30:10
Type:class HttpRun, Content:time set 122 2016/08/30 18:37:18

2016/11/28 16:30:10
Type:class HttpRun, Content:time set 123 2016/08/31 07:44:29

2016/11/28 16:30:10
Type:class HttpRun, Content:time set 124 2016/08/31 18:08:19

2016/11/28 16:30:11
Type:GitBaseUse, Content:Push data to remote

2016/11/28 16:34:06
Type:class HttpRun, Content:time set 0 2016/11/28 16:35:09

2016/11/28 16:34:06
Type:class HttpRun, Content:time set 1 2016/06/07 07:23:15

2016/11/28 16:34:06
Type:class HttpRun, Content:time set 2 2016/06/07 21:14:16

2016/11/28 16:34:06
Type:class HttpRun, Content:time set 3 2016/06/08 07:06:17

2016/11/28 16:34:06
Type:class HttpRun, Content:time set 4 2016/06/08 18:48:13

2016/11/28 16:34:06
Type:class HttpRun, Content:time set 5 2016/06/12 07:12:42

2016/11/28 16:34:06
Type:class HttpRun, Content:time set 6 2016/06/12 21:34:24

2016/11/28 16:34:06
Type:class HttpRun, Content:time set 7 2016/06/13 07:06:17

2016/11/28 16:34:06
Type:class HttpRun, Content:time set 8 2016/06/13 20:48:13

2016/11/28 16:34:06
Type:class HttpRun, Content:time set 9 2016/06/14 07:23:32

2016/11/28 16:34:06
Type:class HttpRun, Content:time set 10 2016/06/14 18:14:35

2016/11/28 16:34:06
Type:class HttpRun, Content:time set 11 2016/06/15 07:19:35

2016/11/28 16:34:06
Type:class HttpRun, Content:time set 12 2016/06/15 18:56:33

2016/11/28 16:34:06
Type:class HttpRun, Content:time set 13 2016/06/16 07:13:26

2016/11/28 16:34:06
Type:class HttpRun, Content:time set 14 2016/06/16 19:02:18

2016/11/28 16:34:06
Type:class HttpRun, Content:time set 15 2016/06/17 07:35:17

2016/11/28 16:34:06
Type:class HttpRun, Content:time set 16 2016/06/17 18:46:25

2016/11/28 16:34:06
Type:class HttpRun, Content:time set 17 2016/06/20 07:13:05

2016/11/28 16:34:06
Type:class HttpRun, Content:time set 18 2016/06/20 19:58:19

2016/11/28 16:34:06
Type:class HttpRun, Content:time set 19 2016/06/21 07:35:17

2016/11/28 16:34:06
Type:class HttpRun, Content:time set 20 2016/06/21 18:46:25

2016/11/28 16:34:06
Type:class HttpRun, Content:time set 21 2016/06/22 07:15:56

2016/11/28 16:34:06
Type:class HttpRun, Content:time set 22 2016/06/22 18:46:35

2016/11/28 16:34:06
Type:class HttpRun, Content:time set 23 2016/06/23 07:40:29

2016/11/28 16:34:06
Type:class HttpRun, Content:time set 24 2016/06/23 19:15:30

2016/11/28 16:34:06
Type:class HttpRun, Content:time set 25 2016/06/24 07:35:17

2016/11/28 16:34:06
Type:class HttpRun, Content:time set 26 2016/06/24 20:46:25

2016/11/28 16:34:06
Type:class HttpRun, Content:time set 27 2016/06/25 08:10:23

2016/11/28 16:34:06
Type:class HttpRun, Content:time set 28 2016/06/25 18:33:29

2016/11/28 16:34:06
Type:class HttpRun, Content:time set 29 2016/06/27 07:26:56

2016/11/28 16:34:06
Type:class HttpRun, Content:time set 30 2016/06/27 19:35:15

2016/11/28 16:34:06
Type:class HttpRun, Content:time set 31 2016/06/28 07:35:13

2016/11/28 16:34:06
Type:class HttpRun, Content:time set 32 2016/06/28 18:55:34

2016/11/28 16:34:06
Type:class HttpRun, Content:time set 33 2016/06/29 07:26:56

2016/11/28 16:34:06
Type:class HttpRun, Content:time set 34 2016/06/29 18:54:32

2016/11/28 16:34:06
Type:class HttpRun, Content:time set 35 2016/06/30 07:13:18

2016/11/28 16:34:06
Type:class HttpRun, Content:time set 36 2016/06/30 19:24:17

2016/11/28 16:34:06
Type:class HttpRun, Content:time set 37 2016/07/01 07:18:32

2016/11/28 16:34:06
Type:class HttpRun, Content:time set 38 2016/07/01 18:32:51

2016/11/28 16:34:06
Type:class HttpRun, Content:time set 39 2016/07/04 07:22:14

2016/11/28 16:34:06
Type:class HttpRun, Content:time set 40 2016/07/04 18:15:13

2016/11/28 16:34:06
Type:class HttpRun, Content:time set 41 2016/07/05 07:18:32

2016/11/28 16:34:06
Type:class HttpRun, Content:time set 42 2016/07/05 18:56:25

2016/11/28 16:34:06
Type:class HttpRun, Content:time set 43 2016/07/06 07:33:18

2016/11/28 16:34:06
Type:class HttpRun, Content:time set 44 2016/07/06 20:00:15

2016/11/28 16:34:06
Type:class HttpRun, Content:time set 45 2016/07/07 07:21:03

2016/11/28 16:34:06
Type:class HttpRun, Content:time set 46 2016/07/07 19:44:32

2016/11/28 16:34:06
Type:class HttpRun, Content:time set 47 2016/07/08 07:55:17

2016/11/28 16:34:06
Type:class HttpRun, Content:time set 48 2016/07/08 19:05:35

2016/11/28 16:34:06
Type:class HttpRun, Content:time set 49 2016/07/11 07:32:15

2016/11/28 16:34:06
Type:class HttpRun, Content:time set 50 2016/07/11 20:11:32

2016/11/28 16:34:06
Type:class HttpRun, Content:time set 51 2016/07/12 07:32:15

2016/11/28 16:34:06
Type:class HttpRun, Content:time set 52 2016/07/12 19:05:43

2016/11/28 16:34:06
Type:class HttpRun, Content:time set 53 2016/07/13 07:19:54

2016/11/28 16:34:06
Type:class HttpRun, Content:time set 54 2016/07/13 18:10:34

2016/11/28 16:34:06
Type:class HttpRun, Content:time set 55 2016/07/14 07:32:05

2016/11/28 16:34:06
Type:class HttpRun, Content:time set 56 2016/07/14 20:02:54

2016/11/28 16:34:06
Type:class HttpRun, Content:time set 57 2016/07/15 08:01:52

2016/11/28 16:34:06
Type:class HttpRun, Content:time set 58 2016/07/15 18:35:22

2016/11/28 16:34:06
Type:class HttpRun, Content:time set 59 2016/07/18 07:33:32

2016/11/28 16:34:06
Type:class HttpRun, Content:time set 60 2016/07/18 18:45:18

2016/11/28 16:34:06
Type:class HttpRun, Content:time set 61 2016/07/19 07:15:22

2016/11/28 16:34:06
Type:class HttpRun, Content:time set 62 2016/07/19 18:35:14

2016/11/28 16:34:06
Type:class HttpRun, Content:time set 63 2016/07/20 07:45:35

2016/11/28 16:34:06
Type:class HttpRun, Content:time set 64 2016/07/20 18:03:19

2016/11/28 16:34:06
Type:class HttpRun, Content:time set 65 2016/07/21 07:18:32

2016/11/28 16:34:06
Type:class HttpRun, Content:time set 66 2016/07/21 20:01:39

2016/11/28 16:34:06
Type:class HttpRun, Content:time set 67 2016/07/22 07:06:17

2016/11/28 16:34:06
Type:class HttpRun, Content:time set 68 2016/07/22 18:11:06

2016/11/28 16:34:06
Type:class HttpRun, Content:time set 69 2016/07/25 07:16:52

2016/11/28 16:34:06
Type:class HttpRun, Content:time set 70 2016/07/25 19:08:17

2016/11/28 16:34:06
Type:class HttpRun, Content:time set 71 2016/07/26 07:17:06

2016/11/28 16:34:06
Type:class HttpRun, Content:time set 72 2016/07/26 18:33:18

2016/11/28 16:34:06
Type:class HttpRun, Content:time set 73 2016/07/27 07:19:50

2016/11/28 16:34:06
Type:class HttpRun, Content:time set 74 2016/07/27 19:10:54

2016/11/28 16:34:06
Type:class HttpRun, Content:time set 75 2016/07/28 07:25:17

2016/11/28 16:34:06
Type:class HttpRun, Content:time set 76 2016/07/28 18:15:34

2016/11/28 16:34:06
Type:class HttpRun, Content:time set 77 2016/07/29 07:15:26

2016/11/28 16:34:06
Type:class HttpRun, Content:time set 78 2016/07/29 18:45:35

2016/11/28 16:34:06
Type:class HttpRun, Content:time set 79 2016/08/01 07:30:26

2016/11/28 16:34:06
Type:class HttpRun, Content:time set 80 2016/08/01 17:55:35

2016/11/28 16:34:06
Type:class HttpRun, Content:time set 81 2016/08/02 07:26:17

2016/11/28 16:34:06
Type:class HttpRun, Content:time set 82 2016/08/02 18:36:52

2016/11/28 16:34:06
Type:class HttpRun, Content:time set 83 2016/08/03 07:19:33

2016/11/28 16:34:06
Type:class HttpRun, Content:time set 84 2016/08/03 18:19:35

2016/11/28 16:34:06
Type:class HttpRun, Content:time set 85 2016/08/04 07:35:16

2016/11/28 16:34:06
Type:class HttpRun, Content:time set 86 2016/08/04 18:16:25

2016/11/28 16:34:06
Type:class HttpRun, Content:time set 87 2016/08/05 07:18:34

2016/11/28 16:34:06
Type:class HttpRun, Content:time set 88 2016/08/05 18:16:42

2016/11/28 16:34:06
Type:class HttpRun, Content:time set 89 2016/08/06 09:16:16

2016/11/28 16:34:06
Type:class HttpRun, Content:time set 90 2016/08/06 17:22:33

2016/11/28 16:34:06
Type:class HttpRun, Content:time set 91 2016/08/08 07:26:46

2016/11/28 16:34:06
Type:class HttpRun, Content:time set 92 2016/08/08 18:19:56

2016/11/28 16:34:06
Type:class HttpRun, Content:time set 93 2016/08/09 07:45:18

2016/11/28 16:34:06
Type:class HttpRun, Content:time set 94 2016/08/09 17:59:46

2016/11/28 16:34:06
Type:class HttpRun, Content:time set 95 2016/08/10 07:44:27

2016/11/28 16:34:06
Type:class HttpRun, Content:time set 96 2016/08/10 18:14:26

2016/11/28 16:34:06
Type:class HttpRun, Content:time set 97 2016/08/11 08:01:47

2016/11/28 16:34:06
Type:class HttpRun, Content:time set 98 2016/08/11 19:22:34

2016/11/28 16:34:06
Type:class HttpRun, Content:time set 99 2016/08/12 07:39:21

2016/11/28 16:34:06
Type:class HttpRun, Content:time set 100 2016/08/12 18:06:28

2016/11/28 16:34:06
Type:class HttpRun, Content:time set 101 2016/08/15 07:34:18

2016/11/28 16:34:06
Type:class HttpRun, Content:time set 102 2016/08/15 17:55:43

2016/11/28 16:34:06
Type:class HttpRun, Content:time set 103 2016/08/16 07:54:42

2016/11/28 16:34:06
Type:class HttpRun, Content:time set 104 2016/08/16 18:33:18

2016/11/28 16:34:06
Type:class HttpRun, Content:time set 105 2016/08/17 07:34:45

2016/11/28 16:34:06
Type:class HttpRun, Content:time set 106 2016/08/17 18:08:17

2016/11/28 16:34:06
Type:class HttpRun, Content:time set 107 2016/08/18 07:25:37

2016/11/28 16:34:06
Type:class HttpRun, Content:time set 108 2016/08/18 18:09:48

2016/11/28 16:34:06
Type:class HttpRun, Content:time set 109 2016/08/22 07:18:06

2016/11/28 16:34:06
Type:class HttpRun, Content:time set 110 2016/08/22 17:45:27

2016/11/28 16:34:06
Type:class HttpRun, Content:time set 111 2016/08/23 07:32:54

2016/11/28 16:34:06
Type:class HttpRun, Content:time set 112 2016/08/23 17:58:34

2016/11/28 16:34:06
Type:class HttpRun, Content:time set 113 2016/08/24 07:36:18

2016/11/28 16:34:06
Type:class HttpRun, Content:time set 114 2016/08/24 17:51:43

2016/11/28 16:34:06
Type:class HttpRun, Content:time set 115 2016/08/25 07:44:48

2016/11/28 16:34:06
Type:class HttpRun, Content:time set 116 2016/08/25 17:49:44

2016/11/28 16:34:06
Type:class HttpRun, Content:time set 117 2016/08/26 07:18:34

2016/11/28 16:34:06
Type:class HttpRun, Content:time set 118 2016/08/26 17:55:37

2016/11/28 16:34:06
Type:class HttpRun, Content:time set 119 2016/08/29 07:34:48

2016/11/28 16:34:06
Type:class HttpRun, Content:time set 120 2016/08/29 18:18:17

2016/11/28 16:34:06
Type:class HttpRun, Content:time set 121 2016/08/30 07:48:33

2016/11/28 16:34:06
Type:class HttpRun, Content:time set 122 2016/08/30 18:37:18

2016/11/28 16:34:06
Type:class HttpRun, Content:time set 123 2016/08/31 07:44:29

2016/11/28 16:34:06
Type:class HttpRun, Content:time set 124 2016/08/31 18:08:19

2016/11/28 16:34:08
Type:GitBaseUse, Content:Push data to remote

2016/11/28 16:37:25
Type:class HttpRun, Content:time set 0 2016/11/28 16:35:09 137

2016/11/28 16:37:25
Type:class HttpRun, Content:DIFF time:137

2016/11/28 16:37:25
Type:class Https, Content:To login

2016/11/28 16:37:26
Type:class HttpRun, Content:Will to tick

2016/11/28 16:37:26
Type:class HttpRun, Content:time set 1 2016/06/07 07:23:15 15066852

2016/11/28 16:37:26
Type:class HttpRun, Content:time set 2 2016/06/07 21:14:16 15016991

2016/11/28 16:37:26
Type:class HttpRun, Content:time set 3 2016/06/08 07:06:17 14981470

2016/11/28 16:37:26
Type:class HttpRun, Content:time set 4 2016/06/08 18:48:13 14939354

2016/11/28 16:37:26
Type:class HttpRun, Content:time set 5 2016/06/12 07:12:42 14635485

2016/11/28 16:37:26
Type:class HttpRun, Content:time set 6 2016/06/12 21:34:24 14583783

2016/11/28 16:37:26
Type:class HttpRun, Content:time set 7 2016/06/13 07:06:17 14549470

2016/11/28 16:37:26
Type:class HttpRun, Content:time set 8 2016/06/13 20:48:13 14500154

2016/11/28 16:37:26
Type:class HttpRun, Content:time set 9 2016/06/14 07:23:32 14462035

2016/11/28 16:37:26
Type:class HttpRun, Content:time set 10 2016/06/14 18:14:35 14422972

2016/11/28 16:37:26
Type:class HttpRun, Content:time set 11 2016/06/15 07:19:35 14375872

2016/11/28 16:37:26
Type:class HttpRun, Content:time set 12 2016/06/15 18:56:33 14334054

2016/11/28 16:37:26
Type:class HttpRun, Content:time set 13 2016/06/16 07:13:26 14289841

2016/11/28 16:37:26
Type:class HttpRun, Content:time set 14 2016/06/16 19:02:18 14247309

2016/11/28 16:37:26
Type:class HttpRun, Content:time set 15 2016/06/17 07:35:17 14202130

2016/11/28 16:37:26
Type:class HttpRun, Content:time set 16 2016/06/17 18:46:25 14161862

2016/11/28 16:37:26
Type:class HttpRun, Content:time set 17 2016/06/20 07:13:05 13944262

2016/11/28 16:37:26
Type:class HttpRun, Content:time set 18 2016/06/20 19:58:19 13898348

2016/11/28 16:37:26
Type:class HttpRun, Content:time set 19 2016/06/21 07:35:17 13856530

2016/11/28 16:37:26
Type:class HttpRun, Content:time set 20 2016/06/21 18:46:25 13816262

2016/11/28 16:37:26
Type:class HttpRun, Content:time set 21 2016/06/22 07:15:56 13771291

2016/11/28 16:37:26
Type:class HttpRun, Content:time set 22 2016/06/22 18:46:35 13729852

2016/11/28 16:37:26
Type:class HttpRun, Content:time set 23 2016/06/23 07:40:29 13683418

2016/11/28 16:37:26
Type:class HttpRun, Content:time set 24 2016/06/23 19:15:30 13641717

2016/11/28 16:37:26
Type:class HttpRun, Content:time set 25 2016/06/24 07:35:17 13597330

2016/11/28 16:37:26
Type:class HttpRun, Content:time set 26 2016/06/24 20:46:25 13549862

2016/11/28 16:37:26
Type:class HttpRun, Content:time set 27 2016/06/25 08:10:23 13508824

2016/11/28 16:37:26
Type:class HttpRun, Content:time set 28 2016/06/25 18:33:29 13471438

2016/11/28 16:37:26
Type:class HttpRun, Content:time set 29 2016/06/27 07:26:56 13338631

2016/11/28 16:37:26
Type:class HttpRun, Content:time set 30 2016/06/27 19:35:15 13294932

2016/11/28 16:37:26
Type:class HttpRun, Content:time set 31 2016/06/28 07:35:13 13251734

2016/11/28 16:37:26
Type:class HttpRun, Content:time set 32 2016/06/28 18:55:34 13210913

2016/11/28 16:37:26
Type:class HttpRun, Content:time set 33 2016/06/29 07:26:56 13165831

2016/11/28 16:37:26
Type:class HttpRun, Content:time set 34 2016/06/29 18:54:32 13124575

2016/11/28 16:37:26
Type:class HttpRun, Content:time set 35 2016/06/30 07:13:18 13080249

2016/11/28 16:37:26
Type:class HttpRun, Content:time set 36 2016/06/30 19:24:17 13036390

2016/11/28 16:37:26
Type:class HttpRun, Content:time set 37 2016/07/01 07:18:32 12993535

2016/11/28 16:37:26
Type:class HttpRun, Content:time set 38 2016/07/01 18:32:51 12953076

2016/11/28 16:37:26
Type:class HttpRun, Content:time set 39 2016/07/04 07:22:14 12734113

2016/11/28 16:37:26
Type:class HttpRun, Content:time set 40 2016/07/04 18:15:13 12694934

2016/11/28 16:37:26
Type:class HttpRun, Content:time set 41 2016/07/05 07:18:32 12647935

2016/11/28 16:37:26
Type:class HttpRun, Content:time set 42 2016/07/05 18:56:25 12606062

2016/11/28 16:37:26
Type:class HttpRun, Content:time set 43 2016/07/06 07:33:18 12560649

2016/11/28 16:37:26
Type:class HttpRun, Content:time set 44 2016/07/06 20:00:15 12515832

2016/11/28 16:37:26
Type:class HttpRun, Content:time set 45 2016/07/07 07:21:03 12474984

2016/11/28 16:37:26
Type:class HttpRun, Content:time set 46 2016/07/07 19:44:32 12430375

2016/11/28 16:37:26
Type:class HttpRun, Content:time set 47 2016/07/08 07:55:17 12386530

2016/11/28 16:37:26
Type:class HttpRun, Content:time set 48 2016/07/08 19:05:35 12346312

2016/11/28 16:37:26
Type:class HttpRun, Content:time set 49 2016/07/11 07:32:15 12128712

2016/11/28 16:37:26
Type:class HttpRun, Content:time set 50 2016/07/11 20:11:32 12083155

2016/11/28 16:37:26
Type:class HttpRun, Content:time set 51 2016/07/12 07:32:15 12042312

2016/11/28 16:37:26
Type:class HttpRun, Content:time set 52 2016/07/12 19:05:43 12000704

2016/11/28 16:37:26
Type:class HttpRun, Content:time set 53 2016/07/13 07:19:54 11956653

2016/11/28 16:37:26
Type:class HttpRun, Content:time set 54 2016/07/13 18:10:34 11917613

2016/11/28 16:37:26
Type:class HttpRun, Content:time set 55 2016/07/14 07:32:05 11869522

2016/11/28 16:37:26
Type:class HttpRun, Content:time set 56 2016/07/14 20:02:54 11824473

2016/11/28 16:37:26
Type:class HttpRun, Content:time set 57 2016/07/15 08:01:52 11781335

2016/11/28 16:37:26
Type:class HttpRun, Content:time set 58 2016/07/15 18:35:22 11743325

2016/11/28 16:37:26
Type:class HttpRun, Content:time set 59 2016/07/18 07:33:32 11523835

2016/11/28 16:37:26
Type:class HttpRun, Content:time set 60 2016/07/18 18:45:18 11483529

2016/11/28 16:37:26
Type:class HttpRun, Content:time set 61 2016/07/19 07:15:22 11438525

2016/11/28 16:37:26
Type:class HttpRun, Content:time set 62 2016/07/19 18:35:14 11397733

2016/11/28 16:37:26
Type:class HttpRun, Content:time set 63 2016/07/20 07:45:35 11350312

2016/11/28 16:37:26
Type:class HttpRun, Content:time set 64 2016/07/20 18:03:19 11313248

2016/11/28 16:37:26
Type:class HttpRun, Content:time set 65 2016/07/21 07:18:32 11265535

2016/11/28 16:37:26
Type:class HttpRun, Content:time set 66 2016/07/21 20:01:39 11219748

2016/11/28 16:37:26
Type:class HttpRun, Content:time set 67 2016/07/22 07:06:17 11179870

2016/11/28 16:37:26
Type:class HttpRun, Content:time set 68 2016/07/22 18:11:06 11139981

2016/11/28 16:37:26
Type:class HttpRun, Content:time set 69 2016/07/25 07:16:52 10920035

2016/11/28 16:37:26
Type:class HttpRun, Content:time set 70 2016/07/25 19:08:17 10877350

2016/11/28 16:37:26
Type:class HttpRun, Content:time set 71 2016/07/26 07:17:06 10833621

2016/11/28 16:37:26
Type:class HttpRun, Content:time set 72 2016/07/26 18:33:18 10793049

2016/11/28 16:37:26
Type:class HttpRun, Content:time set 73 2016/07/27 07:19:50 10747057

2016/11/28 16:37:26
Type:class HttpRun, Content:time set 74 2016/07/27 19:10:54 10704393

2016/11/28 16:37:26
Type:class HttpRun, Content:time set 75 2016/07/28 07:25:17 10660330

2016/11/28 16:37:26
Type:class HttpRun, Content:time set 76 2016/07/28 18:15:34 10621313

2016/11/28 16:37:26
Type:class HttpRun, Content:time set 77 2016/07/29 07:15:26 10574521

2016/11/28 16:37:26
Type:class HttpRun, Content:time set 78 2016/07/29 18:45:35 10533112

2016/11/28 16:37:26
Type:class HttpRun, Content:time set 79 2016/08/01 07:30:26 10314421

2016/11/28 16:37:26
Type:class HttpRun, Content:time set 80 2016/08/01 17:55:35 10276912

2016/11/28 16:37:26
Type:class HttpRun, Content:time set 81 2016/08/02 07:26:17 10228270

2016/11/28 16:37:26
Type:class HttpRun, Content:time set 82 2016/08/02 18:36:52 10188035

2016/11/28 16:37:26
Type:class HttpRun, Content:time set 83 2016/08/03 07:19:33 10142274

2016/11/28 16:37:26
Type:class HttpRun, Content:time set 84 2016/08/03 18:19:35 10102672

2016/11/28 16:37:26
Type:class HttpRun, Content:time set 85 2016/08/04 07:35:16 10054931

2016/11/28 16:37:26
Type:class HttpRun, Content:time set 86 2016/08/04 18:16:25 10016462

2016/11/28 16:37:26
Type:class HttpRun, Content:time set 87 2016/08/05 07:18:34 9969533

2016/11/28 16:37:26
Type:class HttpRun, Content:time set 88 2016/08/05 18:16:42 9930045

2016/11/28 16:37:26
Type:class HttpRun, Content:time set 89 2016/08/06 09:16:16 9876071

2016/11/28 16:37:26
Type:class HttpRun, Content:time set 90 2016/08/06 17:22:33 9846894

2016/11/28 16:37:26
Type:class HttpRun, Content:time set 91 2016/08/08 07:26:46 9709841

2016/11/28 16:37:26
Type:class HttpRun, Content:time set 92 2016/08/08 18:19:56 9670651

2016/11/28 16:37:26
Type:class HttpRun, Content:time set 93 2016/08/09 07:45:18 9622329

2016/11/28 16:37:26
Type:class HttpRun, Content:time set 94 2016/08/09 17:59:46 9585461

2016/11/28 16:37:26
Type:class HttpRun, Content:time set 95 2016/08/10 07:44:27 9535980

2016/11/28 16:37:26
Type:class HttpRun, Content:time set 96 2016/08/10 18:14:26 9498181

2016/11/28 16:37:26
Type:class HttpRun, Content:time set 97 2016/08/11 08:01:47 9448540

2016/11/28 16:37:26
Type:class HttpRun, Content:time set 98 2016/08/11 19:22:34 9407693

2016/11/28 16:37:26
Type:class HttpRun, Content:time set 99 2016/08/12 07:39:21 9363486

2016/11/28 16:37:26
Type:class HttpRun, Content:time set 100 2016/08/12 18:06:28 9325859

2016/11/28 16:37:26
Type:class HttpRun, Content:time set 101 2016/08/15 07:34:18 9104589

2016/11/28 16:37:26
Type:class HttpRun, Content:time set 102 2016/08/15 17:55:43 9067304

2016/11/28 16:37:26
Type:class HttpRun, Content:time set 103 2016/08/16 07:54:42 9016965

2016/11/28 16:37:26
Type:class HttpRun, Content:time set 104 2016/08/16 18:33:18 8978649

2016/11/28 16:37:26
Type:class HttpRun, Content:time set 105 2016/08/17 07:34:45 8931762

2016/11/28 16:37:26
Type:class HttpRun, Content:time set 106 2016/08/17 18:08:17 8893750

2016/11/28 16:37:26
Type:class HttpRun, Content:time set 107 2016/08/18 07:25:37 8845910

2016/11/28 16:37:26
Type:class HttpRun, Content:time set 108 2016/08/18 18:09:48 8807259

2016/11/28 16:37:26
Type:class HttpRun, Content:time set 109 2016/08/22 07:18:06 8500761

2016/11/28 16:37:26
Type:class HttpRun, Content:time set 110 2016/08/22 17:45:27 8463120

2016/11/28 16:37:26
Type:class HttpRun, Content:time set 111 2016/08/23 07:32:54 8413473

2016/11/28 16:37:26
Type:class HttpRun, Content:time set 112 2016/08/23 17:58:34 8375933

2016/11/28 16:37:26
Type:class HttpRun, Content:time set 113 2016/08/24 07:36:18 8326869

2016/11/28 16:37:26
Type:class HttpRun, Content:time set 114 2016/08/24 17:51:43 8289944

2016/11/28 16:37:26
Type:class HttpRun, Content:time set 115 2016/08/25 07:44:48 8239959

2016/11/28 16:37:26
Type:class HttpRun, Content:time set 116 2016/08/25 17:49:44 8203663

2016/11/28 16:37:26
Type:class HttpRun, Content:time set 117 2016/08/26 07:18:34 8155133

2016/11/28 16:37:26
Type:class HttpRun, Content:time set 118 2016/08/26 17:55:37 8116910

2016/11/28 16:37:26
Type:class HttpRun, Content:time set 119 2016/08/29 07:34:48 7894959

2016/11/28 16:37:26
Type:class HttpRun, Content:time set 120 2016/08/29 18:18:17 7856350

2016/11/28 16:37:26
Type:class HttpRun, Content:time set 121 2016/08/30 07:48:33 7807734

2016/11/28 16:37:26
Type:class HttpRun, Content:time set 122 2016/08/30 18:37:18 7768809

2016/11/28 16:37:26
Type:class HttpRun, Content:time set 123 2016/08/31 07:44:29 7721578

2016/11/28 16:37:26
Type:class HttpRun, Content:time set 124 2016/08/31 18:08:19 7684148

