2016/11/25 15:08:01
Read file @C:\dir\github\formyfirst\TimeTaskWinService.ini failed, Reason:
System.IO.FileNotFoundException: 未能找到文件“C:\dir\github\formyfirst\TimeTaskWinService.ini”。
文件名:“C:\dir\github\formyfirst\TimeTaskWinService.ini”
   在 System.IO.__Error.WinIOError(Int32 errorCode, String maybeFullPath)
   在 System.IO.FileStream.Init(String path, FileMode mode, FileAccess access, Int32 rights, Boolean useRights, FileShare share, Int32 bufferSize, FileOptions options, SECURITY_ATTRIBUTES secAttrs, String msgPath, Boolean bFromProxy, Boolean useLongPath, Boolean checkHost)
   在 System.IO.FileStream..ctor(String path, FileMode mode, FileAccess access, FileShare share, Int32 bufferSize, FileOptions options, String msgPath, Boolean bFromProxy, Boolean useLongPath, Boolean checkHost)
   在 System.IO.StreamReader..ctor(String path, Encoding encoding, Boolean detectEncodingFromByteOrderMarks, Int32 bufferSize, Boolean checkHost)
   在 System.IO.StreamReader..ctor(String path, Encoding encoding)
   在 System.IO.File.InternalReadAllLines(String path, Encoding encoding)
   在 System.IO.File.ReadAllLines(String path)
   在 TimeTaskWinService.Utility.Configuration.parse() 位置 D:\EC\TimeTaskWinService\Utility\Configuration.cs:行号 143

2016/11/25 15:08:01
 ********** system dump information by class of Configuration ********** 
mHostBase:http://hrportal.zte.com.cn
mHostLoginPart:/HRPortal/Service/LoginService.ashx
mHostTimeTickPart:/HRPortal/Service/ATMService.ashx
mUserId:
mUserPassword:

m2TickTimeListFile:

m2TickTimeList:null



2016/11/25 15:08:01
run webTickRunnable

2016/11/25 15:08:01
Window service start webTick

2016/11/25 15:08:01
run gitPushRunnable

2016/11/25 15:08:01
Window service start gitPush

